-------------------------------------------------------------------------------
Test set: AdminTest
-------------------------------------------------------------------------------
Tests run: 5, Failures: 0, Errors: 5, Skipped: 0, Time elapsed: 0.257 s <<< FAILURE! - in AdminTest
delete(AdminTest)  Time elapsed: 0.001 s  <<< ERROR!
java.lang.IllegalStateException: Failed to load ApplicationContext
Caused by: org.springframework.beans.factory.BeanDefinitionStoreException: IOException parsing XML document from class path resource [Spring-dao.xml]; nested exception is java.io.FileNotFoundException: class path resource [Spring-dao.xml] cannot be opened because it does not exist
Caused by: java.io.FileNotFoundException: class path resource [Spring-dao.xml] cannot be opened because it does not exist

select(AdminTest)  Time elapsed: 0.001 s  <<< ERROR!
java.lang.IllegalStateException: Failed to load ApplicationContext
Caused by: org.springframework.beans.factory.BeanDefinitionStoreException: IOException parsing XML document from class path resource [Spring-dao.xml]; nested exception is java.io.FileNotFoundException: class path resource [Spring-dao.xml] cannot be opened because it does not exist
Caused by: java.io.FileNotFoundException: class path resource [Spring-dao.xml] cannot be opened because it does not exist

add(AdminTest)  Time elapsed: 0 s  <<< ERROR!
java.lang.IllegalStateException: Failed to load ApplicationContext
Caused by: org.springframework.beans.factory.BeanDefinitionStoreException: IOException parsing XML document from class path resource [Spring-dao.xml]; nested exception is java.io.FileNotFoundException: class path resource [Spring-dao.xml] cannot be opened because it does not exist
Caused by: java.io.FileNotFoundException: class path resource [Spring-dao.xml] cannot be opened because it does not exist

select1(AdminTest)  Time elapsed: 0 s  <<< ERROR!
java.lang.IllegalStateException: Failed to load ApplicationContext
Caused by: org.springframework.beans.factory.BeanDefinitionStoreException: IOException parsing XML document from class path resource [Spring-dao.xml]; nested exception is java.io.FileNotFoundException: class path resource [Spring-dao.xml] cannot be opened because it does not exist
Caused by: java.io.FileNotFoundException: class path resource [Spring-dao.xml] cannot be opened because it does not exist

select2(AdminTest)  Time elapsed: 0 s  <<< ERROR!
java.lang.IllegalStateException: Failed to load ApplicationContext
Caused by: org.springframework.beans.factory.BeanDefinitionStoreException: IOException parsing XML document from class path resource [Spring-dao.xml]; nested exception is java.io.FileNotFoundException: class path resource [Spring-dao.xml] cannot be opened because it does not exist
Caused by: java.io.FileNotFoundException: class path resource [Spring-dao.xml] cannot be opened because it does not exist

